  [1m[35m (31.2ms)[0m  [1m[35mCREATE TABLE "schema_migrations" ("version" character varying NOT NULL PRIMARY KEY)[0m
  [1m[35m (45.3ms)[0m  [1m[35mCREATE TABLE "ar_internal_metadata" ("key" character varying NOT NULL PRIMARY KEY, "value" character varying, "created_at" timestamp NOT NULL, "updated_at" timestamp NOT NULL)[0m
  [1m[35m (0.4ms)[0m  [1m[34mSELECT pg_try_advisory_lock(2396560807482568125)[0m
  [1m[35m (1.0ms)[0m  [1m[34mSELECT "schema_migrations"."version" FROM "schema_migrations" ORDER BY "schema_migrations"."version" ASC[0m
  [1m[36mActiveRecord::InternalMetadata Load (0.6ms)[0m  [1m[34mSELECT  "ar_internal_metadata".* FROM "ar_internal_metadata" WHERE "ar_internal_metadata"."key" = $1 LIMIT $2[0m  [["key", "environment"], ["LIMIT", 1]]
  [1m[35m (0.3ms)[0m  [1m[35mBEGIN[0m
  [1m[35mSQL (0.8ms)[0m  [1m[32mINSERT INTO "ar_internal_metadata" ("key", "value", "created_at", "updated_at") VALUES ($1, $2, $3, $4) RETURNING "key"[0m  [["key", "environment"], ["value", "development"], ["created_at", "2018-05-09 17:52:19.568776"], ["updated_at", "2018-05-09 17:52:19.568776"]]
  [1m[35m (40.5ms)[0m  [1m[35mCOMMIT[0m
  [1m[35m (0.5ms)[0m  [1m[34mSELECT pg_advisory_unlock(2396560807482568125)[0m
  [1m[35m (0.4ms)[0m  [1m[34mSELECT "schema_migrations"."version" FROM "schema_migrations" ORDER BY "schema_migrations"."version" ASC[0m
Started GET "/login" for 127.0.0.1 at 2018-05-09 13:54:20 -0400
  
ActionController::RoutingError (No route matches [GET] "/login"):
  
actionpack (5.1.6) lib/action_dispatch/middleware/debug_exceptions.rb:63:in `call'
actionpack (5.1.6) lib/action_dispatch/middleware/show_exceptions.rb:31:in `call'
railties (5.1.6) lib/rails/rack/logger.rb:36:in `call_app'
railties (5.1.6) lib/rails/rack/logger.rb:24:in `block in call'
activesupport (5.1.6) lib/active_support/tagged_logging.rb:69:in `block in tagged'
activesupport (5.1.6) lib/active_support/tagged_logging.rb:26:in `tagged'
activesupport (5.1.6) lib/active_support/tagged_logging.rb:69:in `tagged'
railties (5.1.6) lib/rails/rack/logger.rb:24:in `call'
actionpack (5.1.6) lib/action_dispatch/middleware/remote_ip.rb:79:in `call'
actionpack (5.1.6) lib/action_dispatch/middleware/request_id.rb:25:in `call'
rack (2.0.5) lib/rack/runtime.rb:22:in `call'
activesupport (5.1.6) lib/active_support/cache/strategy/local_cache_middleware.rb:27:in `call'
actionpack (5.1.6) lib/action_dispatch/middleware/executor.rb:12:in `call'
actionpack (5.1.6) lib/action_dispatch/middleware/static.rb:125:in `call'
rack (2.0.5) lib/rack/sendfile.rb:111:in `call'
railties (5.1.6) lib/rails/engine.rb:522:in `call'
puma (3.11.4) lib/puma/configuration.rb:225:in `call'
puma (3.11.4) lib/puma/server.rb:632:in `handle_request'
puma (3.11.4) lib/puma/server.rb:446:in `process_client'
puma (3.11.4) lib/puma/server.rb:306:in `block in run'
puma (3.11.4) lib/puma/thread_pool.rb:120:in `block in spawn_thread'
Started GET "/api/v1/users" for 127.0.0.1 at 2018-05-09 13:54:25 -0400
  
ActionController::RoutingError (uninitialized constant Api::V1::UsersController):
  
activesupport (5.1.6) lib/active_support/inflector/methods.rb:271:in `const_get'
activesupport (5.1.6) lib/active_support/inflector/methods.rb:271:in `block in constantize'
activesupport (5.1.6) lib/active_support/inflector/methods.rb:267:in `each'
activesupport (5.1.6) lib/active_support/inflector/methods.rb:267:in `inject'
activesupport (5.1.6) lib/active_support/inflector/methods.rb:267:in `constantize'
actionpack (5.1.6) lib/action_dispatch/http/request.rb:85:in `controller_class_for'
actionpack (5.1.6) lib/action_dispatch/http/request.rb:78:in `controller_class'
actionpack (5.1.6) lib/action_dispatch/routing/route_set.rb:43:in `controller'
actionpack (5.1.6) lib/action_dispatch/routing/route_set.rb:29:in `serve'
actionpack (5.1.6) lib/action_dispatch/journey/router.rb:50:in `block in serve'
actionpack (5.1.6) lib/action_dispatch/journey/router.rb:33:in `each'
actionpack (5.1.6) lib/action_dispatch/journey/router.rb:33:in `serve'
actionpack (5.1.6) lib/action_dispatch/routing/route_set.rb:844:in `call'
rack (2.0.5) lib/rack/etag.rb:25:in `call'
rack (2.0.5) lib/rack/conditional_get.rb:25:in `call'
rack (2.0.5) lib/rack/head.rb:12:in `call'
activerecord (5.1.6) lib/active_record/migration.rb:556:in `call'
actionpack (5.1.6) lib/action_dispatch/middleware/callbacks.rb:26:in `block in call'
activesupport (5.1.6) lib/active_support/callbacks.rb:97:in `run_callbacks'
actionpack (5.1.6) lib/action_dispatch/middleware/callbacks.rb:24:in `call'
actionpack (5.1.6) lib/action_dispatch/middleware/executor.rb:12:in `call'
actionpack (5.1.6) lib/action_dispatch/middleware/debug_exceptions.rb:59:in `call'
actionpack (5.1.6) lib/action_dispatch/middleware/show_exceptions.rb:31:in `call'
railties (5.1.6) lib/rails/rack/logger.rb:36:in `call_app'
railties (5.1.6) lib/rails/rack/logger.rb:24:in `block in call'
activesupport (5.1.6) lib/active_support/tagged_logging.rb:69:in `block in tagged'
activesupport (5.1.6) lib/active_support/tagged_logging.rb:26:in `tagged'
activesupport (5.1.6) lib/active_support/tagged_logging.rb:69:in `tagged'
railties (5.1.6) lib/rails/rack/logger.rb:24:in `call'
actionpack (5.1.6) lib/action_dispatch/middleware/remote_ip.rb:79:in `call'
actionpack (5.1.6) lib/action_dispatch/middleware/request_id.rb:25:in `call'
rack (2.0.5) lib/rack/runtime.rb:22:in `call'
activesupport (5.1.6) lib/active_support/cache/strategy/local_cache_middleware.rb:27:in `call'
actionpack (5.1.6) lib/action_dispatch/middleware/executor.rb:12:in `call'
actionpack (5.1.6) lib/action_dispatch/middleware/static.rb:125:in `call'
rack (2.0.5) lib/rack/sendfile.rb:111:in `call'
railties (5.1.6) lib/rails/engine.rb:522:in `call'
puma (3.11.4) lib/puma/configuration.rb:225:in `call'
puma (3.11.4) lib/puma/server.rb:632:in `handle_request'
puma (3.11.4) lib/puma/server.rb:446:in `process_client'
puma (3.11.4) lib/puma/server.rb:306:in `block in run'
puma (3.11.4) lib/puma/thread_pool.rb:120:in `block in spawn_thread'
Started GET "/api/v1/useres" for 127.0.0.1 at 2018-05-09 13:54:25 -0400
  
ActionController::RoutingError (No route matches [GET] "/api/v1/useres"):
  
actionpack (5.1.6) lib/action_dispatch/middleware/debug_exceptions.rb:63:in `call'
actionpack (5.1.6) lib/action_dispatch/middleware/show_exceptions.rb:31:in `call'
railties (5.1.6) lib/rails/rack/logger.rb:36:in `call_app'
railties (5.1.6) lib/rails/rack/logger.rb:24:in `block in call'
activesupport (5.1.6) lib/active_support/tagged_logging.rb:69:in `block in tagged'
activesupport (5.1.6) lib/active_support/tagged_logging.rb:26:in `tagged'
activesupport (5.1.6) lib/active_support/tagged_logging.rb:69:in `tagged'
railties (5.1.6) lib/rails/rack/logger.rb:24:in `call'
actionpack (5.1.6) lib/action_dispatch/middleware/remote_ip.rb:79:in `call'
actionpack (5.1.6) lib/action_dispatch/middleware/request_id.rb:25:in `call'
rack (2.0.5) lib/rack/runtime.rb:22:in `call'
activesupport (5.1.6) lib/active_support/cache/strategy/local_cache_middleware.rb:27:in `call'
actionpack (5.1.6) lib/action_dispatch/middleware/executor.rb:12:in `call'
actionpack (5.1.6) lib/action_dispatch/middleware/static.rb:125:in `call'
rack (2.0.5) lib/rack/sendfile.rb:111:in `call'
railties (5.1.6) lib/rails/engine.rb:522:in `call'
puma (3.11.4) lib/puma/configuration.rb:225:in `call'
puma (3.11.4) lib/puma/server.rb:632:in `handle_request'
puma (3.11.4) lib/puma/server.rb:446:in `process_client'
puma (3.11.4) lib/puma/server.rb:306:in `block in run'
puma (3.11.4) lib/puma/thread_pool.rb:120:in `block in spawn_thread'
Started GET "/api/v1/users" for 127.0.0.1 at 2018-05-09 13:54:35 -0400
  
ActionController::RoutingError (uninitialized constant Api::V1::UsersController):
  
activesupport (5.1.6) lib/active_support/inflector/methods.rb:271:in `const_get'
activesupport (5.1.6) lib/active_support/inflector/methods.rb:271:in `block in constantize'
activesupport (5.1.6) lib/active_support/inflector/methods.rb:267:in `each'
activesupport (5.1.6) lib/active_support/inflector/methods.rb:267:in `inject'
activesupport (5.1.6) lib/active_support/inflector/methods.rb:267:in `constantize'
actionpack (5.1.6) lib/action_dispatch/http/request.rb:85:in `controller_class_for'
actionpack (5.1.6) lib/action_dispatch/http/request.rb:78:in `controller_class'
actionpack (5.1.6) lib/action_dispatch/routing/route_set.rb:43:in `controller'
actionpack (5.1.6) lib/action_dispatch/routing/route_set.rb:29:in `serve'
actionpack (5.1.6) lib/action_dispatch/journey/router.rb:50:in `block in serve'
actionpack (5.1.6) lib/action_dispatch/journey/router.rb:33:in `each'
actionpack (5.1.6) lib/action_dispatch/journey/router.rb:33:in `serve'
actionpack (5.1.6) lib/action_dispatch/routing/route_set.rb:844:in `call'
rack (2.0.5) lib/rack/etag.rb:25:in `call'
rack (2.0.5) lib/rack/conditional_get.rb:25:in `call'
rack (2.0.5) lib/rack/head.rb:12:in `call'
activerecord (5.1.6) lib/active_record/migration.rb:556:in `call'
actionpack (5.1.6) lib/action_dispatch/middleware/callbacks.rb:26:in `block in call'
activesupport (5.1.6) lib/active_support/callbacks.rb:97:in `run_callbacks'
actionpack (5.1.6) lib/action_dispatch/middleware/callbacks.rb:24:in `call'
actionpack (5.1.6) lib/action_dispatch/middleware/executor.rb:12:in `call'
actionpack (5.1.6) lib/action_dispatch/middleware/debug_exceptions.rb:59:in `call'
actionpack (5.1.6) lib/action_dispatch/middleware/show_exceptions.rb:31:in `call'
railties (5.1.6) lib/rails/rack/logger.rb:36:in `call_app'
railties (5.1.6) lib/rails/rack/logger.rb:24:in `block in call'
activesupport (5.1.6) lib/active_support/tagged_logging.rb:69:in `block in tagged'
activesupport (5.1.6) lib/active_support/tagged_logging.rb:26:in `tagged'
activesupport (5.1.6) lib/active_support/tagged_logging.rb:69:in `tagged'
railties (5.1.6) lib/rails/rack/logger.rb:24:in `call'
actionpack (5.1.6) lib/action_dispatch/middleware/remote_ip.rb:79:in `call'
actionpack (5.1.6) lib/action_dispatch/middleware/request_id.rb:25:in `call'
rack (2.0.5) lib/rack/runtime.rb:22:in `call'
activesupport (5.1.6) lib/active_support/cache/strategy/local_cache_middleware.rb:27:in `call'
actionpack (5.1.6) lib/action_dispatch/middleware/executor.rb:12:in `call'
actionpack (5.1.6) lib/action_dispatch/middleware/static.rb:125:in `call'
rack (2.0.5) lib/rack/sendfile.rb:111:in `call'
railties (5.1.6) lib/rails/engine.rb:522:in `call'
puma (3.11.4) lib/puma/configuration.rb:225:in `call'
puma (3.11.4) lib/puma/server.rb:632:in `handle_request'
puma (3.11.4) lib/puma/server.rb:446:in `process_client'
puma (3.11.4) lib/puma/server.rb:306:in `block in run'
puma (3.11.4) lib/puma/thread_pool.rb:120:in `block in spawn_thread'
Started GET "/api/v1/bars" for 127.0.0.1 at 2018-05-09 13:54:47 -0400
  
ActionController::RoutingError (uninitialized constant Api::V1::BarsController):
  
activesupport (5.1.6) lib/active_support/inflector/methods.rb:271:in `const_get'
activesupport (5.1.6) lib/active_support/inflector/methods.rb:271:in `block in constantize'
activesupport (5.1.6) lib/active_support/inflector/methods.rb:267:in `each'
activesupport (5.1.6) lib/active_support/inflector/methods.rb:267:in `inject'
activesupport (5.1.6) lib/active_support/inflector/methods.rb:267:in `constantize'
actionpack (5.1.6) lib/action_dispatch/http/request.rb:85:in `controller_class_for'
actionpack (5.1.6) lib/action_dispatch/http/request.rb:78:in `controller_class'
actionpack (5.1.6) lib/action_dispatch/routing/route_set.rb:43:in `controller'
actionpack (5.1.6) lib/action_dispatch/routing/route_set.rb:29:in `serve'
actionpack (5.1.6) lib/action_dispatch/journey/router.rb:50:in `block in serve'
actionpack (5.1.6) lib/action_dispatch/journey/router.rb:33:in `each'
actionpack (5.1.6) lib/action_dispatch/journey/router.rb:33:in `serve'
actionpack (5.1.6) lib/action_dispatch/routing/route_set.rb:844:in `call'
rack (2.0.5) lib/rack/etag.rb:25:in `call'
rack (2.0.5) lib/rack/conditional_get.rb:25:in `call'
rack (2.0.5) lib/rack/head.rb:12:in `call'
activerecord (5.1.6) lib/active_record/migration.rb:556:in `call'
actionpack (5.1.6) lib/action_dispatch/middleware/callbacks.rb:26:in `block in call'
activesupport (5.1.6) lib/active_support/callbacks.rb:97:in `run_callbacks'
actionpack (5.1.6) lib/action_dispatch/middleware/callbacks.rb:24:in `call'
actionpack (5.1.6) lib/action_dispatch/middleware/executor.rb:12:in `call'
actionpack (5.1.6) lib/action_dispatch/middleware/debug_exceptions.rb:59:in `call'
actionpack (5.1.6) lib/action_dispatch/middleware/show_exceptions.rb:31:in `call'
railties (5.1.6) lib/rails/rack/logger.rb:36:in `call_app'
railties (5.1.6) lib/rails/rack/logger.rb:24:in `block in call'
activesupport (5.1.6) lib/active_support/tagged_logging.rb:69:in `block in tagged'
activesupport (5.1.6) lib/active_support/tagged_logging.rb:26:in `tagged'
activesupport (5.1.6) lib/active_support/tagged_logging.rb:69:in `tagged'
railties (5.1.6) lib/rails/rack/logger.rb:24:in `call'
actionpack (5.1.6) lib/action_dispatch/middleware/remote_ip.rb:79:in `call'
actionpack (5.1.6) lib/action_dispatch/middleware/request_id.rb:25:in `call'
rack (2.0.5) lib/rack/runtime.rb:22:in `call'
activesupport (5.1.6) lib/active_support/cache/strategy/local_cache_middleware.rb:27:in `call'
actionpack (5.1.6) lib/action_dispatch/middleware/executor.rb:12:in `call'
actionpack (5.1.6) lib/action_dispatch/middleware/static.rb:125:in `call'
rack (2.0.5) lib/rack/sendfile.rb:111:in `call'
railties (5.1.6) lib/rails/engine.rb:522:in `call'
puma (3.11.4) lib/puma/configuration.rb:225:in `call'
puma (3.11.4) lib/puma/server.rb:632:in `handle_request'
puma (3.11.4) lib/puma/server.rb:446:in `process_client'
puma (3.11.4) lib/puma/server.rb:306:in `block in run'
puma (3.11.4) lib/puma/thread_pool.rb:120:in `block in spawn_thread'
Started GET "/api/v1/users" for 127.0.0.1 at 2018-05-09 13:56:58 -0400
  
ActionController::RoutingError (uninitialized constant Api::V1::UsersController):
  
activesupport (5.1.6) lib/active_support/inflector/methods.rb:271:in `const_get'
activesupport (5.1.6) lib/active_support/inflector/methods.rb:271:in `block in constantize'
activesupport (5.1.6) lib/active_support/inflector/methods.rb:267:in `each'
activesupport (5.1.6) lib/active_support/inflector/methods.rb:267:in `inject'
activesupport (5.1.6) lib/active_support/inflector/methods.rb:267:in `constantize'
actionpack (5.1.6) lib/action_dispatch/http/request.rb:85:in `controller_class_for'
actionpack (5.1.6) lib/action_dispatch/http/request.rb:78:in `controller_class'
actionpack (5.1.6) lib/action_dispatch/routing/route_set.rb:43:in `controller'
actionpack (5.1.6) lib/action_dispatch/routing/route_set.rb:29:in `serve'
actionpack (5.1.6) lib/action_dispatch/journey/router.rb:50:in `block in serve'
actionpack (5.1.6) lib/action_dispatch/journey/router.rb:33:in `each'
actionpack (5.1.6) lib/action_dispatch/journey/router.rb:33:in `serve'
actionpack (5.1.6) lib/action_dispatch/routing/route_set.rb:844:in `call'
rack (2.0.5) lib/rack/etag.rb:25:in `call'
rack (2.0.5) lib/rack/conditional_get.rb:25:in `call'
rack (2.0.5) lib/rack/head.rb:12:in `call'
activerecord (5.1.6) lib/active_record/migration.rb:556:in `call'
actionpack (5.1.6) lib/action_dispatch/middleware/callbacks.rb:26:in `block in call'
activesupport (5.1.6) lib/active_support/callbacks.rb:97:in `run_callbacks'
actionpack (5.1.6) lib/action_dispatch/middleware/callbacks.rb:24:in `call'
actionpack (5.1.6) lib/action_dispatch/middleware/executor.rb:12:in `call'
actionpack (5.1.6) lib/action_dispatch/middleware/debug_exceptions.rb:59:in `call'
actionpack (5.1.6) lib/action_dispatch/middleware/show_exceptions.rb:31:in `call'
railties (5.1.6) lib/rails/rack/logger.rb:36:in `call_app'
railties (5.1.6) lib/rails/rack/logger.rb:24:in `block in call'
activesupport (5.1.6) lib/active_support/tagged_logging.rb:69:in `block in tagged'
activesupport (5.1.6) lib/active_support/tagged_logging.rb:26:in `tagged'
activesupport (5.1.6) lib/active_support/tagged_logging.rb:69:in `tagged'
railties (5.1.6) lib/rails/rack/logger.rb:24:in `call'
actionpack (5.1.6) lib/action_dispatch/middleware/remote_ip.rb:79:in `call'
actionpack (5.1.6) lib/action_dispatch/middleware/request_id.rb:25:in `call'
rack (2.0.5) lib/rack/runtime.rb:22:in `call'
activesupport (5.1.6) lib/active_support/cache/strategy/local_cache_middleware.rb:27:in `call'
actionpack (5.1.6) lib/action_dispatch/middleware/executor.rb:12:in `call'
actionpack (5.1.6) lib/action_dispatch/middleware/static.rb:125:in `call'
rack (2.0.5) lib/rack/sendfile.rb:111:in `call'
railties (5.1.6) lib/rails/engine.rb:522:in `call'
puma (3.11.4) lib/puma/configuration.rb:225:in `call'
puma (3.11.4) lib/puma/server.rb:632:in `handle_request'
puma (3.11.4) lib/puma/server.rb:446:in `process_client'
puma (3.11.4) lib/puma/server.rb:306:in `block in run'
puma (3.11.4) lib/puma/thread_pool.rb:120:in `block in spawn_thread'
Started GET "/api/v1/users" for 127.0.0.1 at 2018-05-09 13:57:28 -0400
Processing by Api::V1::UsersController#index as HTML
  [1m[36mUser Load (80.1ms)[0m  [1m[34mSELECT "users".* FROM "users"[0m
Completed 500 Internal Server Error in 486ms (ActiveRecord: 94.4ms)


  
ActiveRecord::StatementInvalid (PG::UndefinedTable: ERROR:  relation "users" does not exist
LINE 1: SELECT "users".* FROM "users"
                              ^
: SELECT "users".* FROM "users"):
  
app/controllers/api/v1/users_controller.rb:4:in `index'
  [1m[35m (0.3ms)[0m  [1m[34mSELECT pg_try_advisory_lock(2396560807482568125)[0m
  [1m[35m (2.0ms)[0m  [1m[34mSELECT "schema_migrations"."version" FROM "schema_migrations" ORDER BY "schema_migrations"."version" ASC[0m
  [1m[36mActiveRecord::InternalMetadata Load (0.7ms)[0m  [1m[34mSELECT  "ar_internal_metadata".* FROM "ar_internal_metadata" WHERE "ar_internal_metadata"."key" = $1 LIMIT $2[0m  [["key", "environment"], ["LIMIT", 1]]
  [1m[35m (0.3ms)[0m  [1m[35mBEGIN[0m
  [1m[35m (0.2ms)[0m  [1m[35mCOMMIT[0m
  [1m[35m (0.4ms)[0m  [1m[34mSELECT pg_advisory_unlock(2396560807482568125)[0m
  [1m[35m (0.5ms)[0m  [1m[34mSELECT "schema_migrations"."version" FROM "schema_migrations" ORDER BY "schema_migrations"."version" ASC[0m
  [1m[35m (0.3ms)[0m  [1m[34mSELECT pg_try_advisory_lock(2396560807482568125)[0m
  [1m[35m (1.2ms)[0m  [1m[34mSELECT "schema_migrations"."version" FROM "schema_migrations" ORDER BY "schema_migrations"."version" ASC[0m
  [1m[36mActiveRecord::InternalMetadata Load (0.8ms)[0m  [1m[34mSELECT  "ar_internal_metadata".* FROM "ar_internal_metadata" WHERE "ar_internal_metadata"."key" = $1 LIMIT $2[0m  [["key", "environment"], ["LIMIT", 1]]
  [1m[35m (0.2ms)[0m  [1m[35mBEGIN[0m
  [1m[35m (0.2ms)[0m  [1m[35mCOMMIT[0m
  [1m[35m (0.4ms)[0m  [1m[34mSELECT pg_advisory_unlock(2396560807482568125)[0m
  [1m[35m (0.4ms)[0m  [1m[34mSELECT "schema_migrations"."version" FROM "schema_migrations" ORDER BY "schema_migrations"."version" ASC[0m
  [1m[35m (0.5ms)[0m  [1m[34mSELECT pg_try_advisory_lock(2396560807482568125)[0m
  [1m[35m (1.2ms)[0m  [1m[34mSELECT "schema_migrations"."version" FROM "schema_migrations" ORDER BY "schema_migrations"."version" ASC[0m
  [1m[36mActiveRecord::InternalMetadata Load (0.7ms)[0m  [1m[34mSELECT  "ar_internal_metadata".* FROM "ar_internal_metadata" WHERE "ar_internal_metadata"."key" = $1 LIMIT $2[0m  [["key", "environment"], ["LIMIT", 1]]
  [1m[35m (0.2ms)[0m  [1m[35mBEGIN[0m
  [1m[35m (0.2ms)[0m  [1m[35mCOMMIT[0m
  [1m[35m (0.3ms)[0m  [1m[34mSELECT pg_advisory_unlock(2396560807482568125)[0m
  [1m[35m (0.4ms)[0m  [1m[34mSELECT "schema_migrations"."version" FROM "schema_migrations" ORDER BY "schema_migrations"."version" ASC[0m
  [1m[35m (0.3ms)[0m  [1m[34mSELECT pg_try_advisory_lock(2396560807482568125)[0m
  [1m[35m (1.6ms)[0m  [1m[34mSELECT "schema_migrations"."version" FROM "schema_migrations" ORDER BY "schema_migrations"."version" ASC[0m
  [1m[36mActiveRecord::InternalMetadata Load (1.3ms)[0m  [1m[34mSELECT  "ar_internal_metadata".* FROM "ar_internal_metadata" WHERE "ar_internal_metadata"."key" = $1 LIMIT $2[0m  [["key", "environment"], ["LIMIT", 1]]
  [1m[35m (0.2ms)[0m  [1m[35mBEGIN[0m
  [1m[35m (0.2ms)[0m  [1m[35mCOMMIT[0m
  [1m[35m (0.4ms)[0m  [1m[34mSELECT pg_advisory_unlock(2396560807482568125)[0m
  [1m[35m (0.4ms)[0m  [1m[34mSELECT "schema_migrations"."version" FROM "schema_migrations" ORDER BY "schema_migrations"."version" ASC[0m
  [1m[35m (1.9ms)[0m  [1m[34mSELECT "schema_migrations"."version" FROM "schema_migrations" ORDER BY "schema_migrations"."version" ASC[0m
  [1m[35m (0.4ms)[0m  [1m[34mSELECT "schema_migrations"."version" FROM "schema_migrations" ORDER BY "schema_migrations"."version" ASC[0m
  [1m[35m (8908.4ms)[0m  [1m[35mDROP DATABASE IF EXISTS "projectmod3_development"[0m
  [1m[35m (0.3ms)[0m  [1m[34mSELECT pg_try_advisory_lock(2396560807482568125)[0m
  [1m[35m (1.2ms)[0m  [1m[34mSELECT "schema_migrations"."version" FROM "schema_migrations" ORDER BY "schema_migrations"."version" ASC[0m
Migrating to CreateUsers (1)
  [1m[35m (0.4ms)[0m  [1m[35mBEGIN[0m
  [1m[35m (160.0ms)[0m  [1m[35mCREATE TABLE "users" ("id" bigserial primary key, "first_name" character varying, "last_name" character varying, "age" integer, "email" character varying, "address" character varying, "zip_code" integer, "created_at" timestamp NOT NULL, "updated_at" timestamp NOT NULL)[0m
  [1m[35mSQL (0.8ms)[0m  [1m[32mINSERT INTO "schema_migrations" ("version") VALUES ($1) RETURNING "version"[0m  [["version", "1"]]
  [1m[35m (35.9ms)[0m  [1m[35mCOMMIT[0m
Migrating to CreateBars (2)
  [1m[35m (41.1ms)[0m  [1m[35mBEGIN[0m
  [1m[35m (42.1ms)[0m  [1m[35mCREATE TABLE "bars" ("id" bigserial primary key, "name" character varying, "zip_code" integer, "address" character varying, "created_at" timestamp NOT NULL, "updated_at" timestamp NOT NULL)[0m
  [1m[35mSQL (1.1ms)[0m  [1m[32mINSERT INTO "schema_migrations" ("version") VALUES ($1) RETURNING "version"[0m  [["version", "2"]]
  [1m[35m (1.2ms)[0m  [1m[35mCOMMIT[0m
Migrating to CreateEvents (3)
  [1m[35m (39.7ms)[0m  [1m[35mBEGIN[0m
  [1m[35m (5.1ms)[0m  [1m[35mCREATE TABLE "events" ("id" bigserial primary key, "name" character varying, "zip_code" integer, "address" character varying, "created_at" timestamp NOT NULL, "updated_at" timestamp NOT NULL)[0m
  [1m[35mSQL (0.4ms)[0m  [1m[32mINSERT INTO "schema_migrations" ("version") VALUES ($1) RETURNING "version"[0m  [["version", "3"]]
  [1m[35m (0.8ms)[0m  [1m[35mCOMMIT[0m
  [1m[36mActiveRecord::InternalMetadata Load (0.7ms)[0m  [1m[34mSELECT  "ar_internal_metadata".* FROM "ar_internal_metadata" WHERE "ar_internal_metadata"."key" = $1 LIMIT $2[0m  [["key", "environment"], ["LIMIT", 1]]
  [1m[35m (0.3ms)[0m  [1m[35mBEGIN[0m
  [1m[35m (0.3ms)[0m  [1m[35mCOMMIT[0m
  [1m[35m (0.4ms)[0m  [1m[34mSELECT pg_advisory_unlock(2396560807482568125)[0m
  [1m[35m (1.1ms)[0m  [1m[34mSELECT "schema_migrations"."version" FROM "schema_migrations" ORDER BY "schema_migrations"."version" ASC[0m
  [1m[35m (2.0ms)[0m  [1m[34mSELECT "schema_migrations"."version" FROM "schema_migrations" ORDER BY "schema_migrations"."version" ASC[0m
  [1m[35m (0.3ms)[0m  [1m[35mBEGIN[0m
  [1m[35mSQL (22.3ms)[0m  [1m[32mINSERT INTO "bars" ("name", "zip_code", "address", "created_at", "updated_at") VALUES ($1, $2, $3, $4, $5) RETURNING "id"[0m  [["name", "Justin's Booze House"], ["zip_code", 10004], ["address", "111 test st. New York, NY"], ["created_at", "2018-05-09 18:11:39.397692"], ["updated_at", "2018-05-09 18:11:39.397692"]]
  [1m[35m (53.1ms)[0m  [1m[35mCOMMIT[0m
  [1m[35m (0.3ms)[0m  [1m[35mBEGIN[0m
  [1m[35mSQL (0.6ms)[0m  [1m[32mINSERT INTO "bars" ("name", "zip_code", "address", "created_at", "updated_at") VALUES ($1, $2, $3, $4, $5) RETURNING "id"[0m  [["name", "Frank's"], ["zip_code", 10023], ["address", "222 testy test st. New York, NY"], ["created_at", "2018-05-09 18:11:39.476051"], ["updated_at", "2018-05-09 18:11:39.476051"]]
  [1m[35m (0.6ms)[0m  [1m[35mCOMMIT[0m
  [1m[35m (0.3ms)[0m  [1m[35mBEGIN[0m
  [1m[35mSQL (18.1ms)[0m  [1m[32mINSERT INTO "events" ("name", "zip_code", "address", "created_at", "updated_at") VALUES ($1, $2, $3, $4, $5) RETURNING "id"[0m  [["name", "Skate or Die"], ["zip_code", 10023], ["address", "333 event st. New York, NY"], ["created_at", "2018-05-09 18:11:39.500594"], ["updated_at", "2018-05-09 18:11:39.500594"]]
  [1m[35m (0.8ms)[0m  [1m[35mCOMMIT[0m
  [1m[35m (0.3ms)[0m  [1m[35mBEGIN[0m
  [1m[35mSQL (0.8ms)[0m  [1m[32mINSERT INTO "events" ("name", "zip_code", "address", "created_at", "updated_at") VALUES ($1, $2, $3, $4, $5) RETURNING "id"[0m  [["name", "Books are Cool"], ["zip_code", 10004], ["address", "444 event st. New York, NY"], ["created_at", "2018-05-09 18:11:39.523033"], ["updated_at", "2018-05-09 18:11:39.523033"]]
  [1m[35m (0.8ms)[0m  [1m[35mCOMMIT[0m
  [1m[35m (0.2ms)[0m  [1m[35mBEGIN[0m
  [1m[35mSQL (27.8ms)[0m  [1m[32mINSERT INTO "users" ("first_name", "last_name", "age", "email", "address", "zip_code", "created_at", "updated_at") VALUES ($1, $2, $3, $4, $5, $6, $7, $8) RETURNING "id"[0m  [["first_name", "George"], ["last_name", "Userton"], ["age", 45], ["email", "guserton@cherrytree.com"], ["address", "555 Delaware st. New York, NY"], ["zip_code", 10004], ["created_at", "2018-05-09 18:11:39.558558"], ["updated_at", "2018-05-09 18:11:39.558558"]]
  [1m[35m (0.6ms)[0m  [1m[35mCOMMIT[0m
  [1m[35m (0.1ms)[0m  [1m[35mBEGIN[0m
  [1m[35mSQL (0.5ms)[0m  [1m[32mINSERT INTO "users" ("first_name", "last_name", "age", "email", "address", "zip_code", "created_at", "updated_at") VALUES ($1, $2, $3, $4, $5, $6, $7, $8) RETURNING "id"[0m  [["first_name", "Mallory"], ["last_name", "Keyboard"], ["age", 21], ["email", "mallory@keyboard.com"], ["address", "666 Hell st. New York, NY"], ["zip_code", 10023], ["created_at", "2018-05-09 18:11:39.589098"], ["updated_at", "2018-05-09 18:11:39.589098"]]
  [1m[35m (0.6ms)[0m  [1m[35mCOMMIT[0m
Started GET "/api/v1/users" for 127.0.0.1 at 2018-05-09 14:12:50 -0400
  
LoadError (cannot load such file -- /Users/Justin/flatiron/projectmod3/config/routes.rb):
  
activesupport (5.1.6) lib/active_support/dependencies.rb:286:in `load'
activesupport (5.1.6) lib/active_support/dependencies.rb:286:in `block in load'
activesupport (5.1.6) lib/active_support/dependencies.rb:258:in `load_dependency'
activesupport (5.1.6) lib/active_support/dependencies.rb:286:in `load'
railties (5.1.6) lib/rails/application/routes_reloader.rb:55:in `block in load_paths'
railties (5.1.6) lib/rails/application/routes_reloader.rb:55:in `each'
railties (5.1.6) lib/rails/application/routes_reloader.rb:55:in `load_paths'
railties (5.1.6) lib/rails/application/routes_reloader.rb:18:in `reload!'
railties (5.1.6) lib/rails/application/routes_reloader.rb:41:in `block in updater'
activesupport (5.1.6) lib/active_support/file_update_checker.rb:81:in `execute'
railties (5.1.6) lib/rails/application/routes_reloader.rb:25:in `execute'
railties (5.1.6) lib/rails/application/finisher.rb:141:in `block (2 levels) in <module:Finisher>'
activesupport (5.1.6) lib/active_support/callbacks.rb:413:in `instance_exec'
activesupport (5.1.6) lib/active_support/callbacks.rb:413:in `block in make_lambda'
activesupport (5.1.6) lib/active_support/callbacks.rb:197:in `block (2 levels) in halting'
activesupport (5.1.6) lib/active_support/callbacks.rb:601:in `block (2 levels) in default_terminator'
activesupport (5.1.6) lib/active_support/callbacks.rb:600:in `catch'
activesupport (5.1.6) lib/active_support/callbacks.rb:600:in `block in default_terminator'
activesupport (5.1.6) lib/active_support/callbacks.rb:198:in `block in halting'
activesupport (5.1.6) lib/active_support/callbacks.rb:507:in `block in invoke_before'
activesupport (5.1.6) lib/active_support/callbacks.rb:507:in `each'
activesupport (5.1.6) lib/active_support/callbacks.rb:507:in `invoke_before'
activesupport (5.1.6) lib/active_support/callbacks.rb:130:in `run_callbacks'
activesupport (5.1.6) lib/active_support/execution_wrapper.rb:108:in `run!'
activesupport (5.1.6) lib/active_support/reloader.rb:113:in `run!'
activesupport (5.1.6) lib/active_support/execution_wrapper.rb:70:in `block in run!'
activesupport (5.1.6) lib/active_support/execution_wrapper.rb:67:in `tap'
activesupport (5.1.6) lib/active_support/execution_wrapper.rb:67:in `run!'
activesupport (5.1.6) lib/active_support/reloader.rb:59:in `run!'
actionpack (5.1.6) lib/action_dispatch/middleware/executor.rb:10:in `call'
actionpack (5.1.6) lib/action_dispatch/middleware/debug_exceptions.rb:59:in `call'
actionpack (5.1.6) lib/action_dispatch/middleware/show_exceptions.rb:31:in `call'
railties (5.1.6) lib/rails/rack/logger.rb:36:in `call_app'
railties (5.1.6) lib/rails/rack/logger.rb:24:in `block in call'
activesupport (5.1.6) lib/active_support/tagged_logging.rb:69:in `block in tagged'
activesupport (5.1.6) lib/active_support/tagged_logging.rb:26:in `tagged'
activesupport (5.1.6) lib/active_support/tagged_logging.rb:69:in `tagged'
railties (5.1.6) lib/rails/rack/logger.rb:24:in `call'
actionpack (5.1.6) lib/action_dispatch/middleware/remote_ip.rb:79:in `call'
actionpack (5.1.6) lib/action_dispatch/middleware/request_id.rb:25:in `call'
rack (2.0.5) lib/rack/runtime.rb:22:in `call'
activesupport (5.1.6) lib/active_support/cache/strategy/local_cache_middleware.rb:27:in `call'
actionpack (5.1.6) lib/action_dispatch/middleware/executor.rb:12:in `call'
actionpack (5.1.6) lib/action_dispatch/middleware/static.rb:125:in `call'
rack (2.0.5) lib/rack/sendfile.rb:111:in `call'
railties (5.1.6) lib/rails/engine.rb:522:in `call'
puma (3.11.4) lib/puma/configuration.rb:225:in `call'
puma (3.11.4) lib/puma/server.rb:632:in `handle_request'
puma (3.11.4) lib/puma/server.rb:446:in `process_client'
puma (3.11.4) lib/puma/server.rb:306:in `block in run'
puma (3.11.4) lib/puma/thread_pool.rb:120:in `block in spawn_thread'
Started GET "/api/v1/bars" for 127.0.0.1 at 2018-05-09 14:15:51 -0400
  
ActionController::RoutingError (No route matches [GET] "/api/v1/bars"):
  
actionpack (5.1.6) lib/action_dispatch/middleware/debug_exceptions.rb:63:in `call'
actionpack (5.1.6) lib/action_dispatch/middleware/show_exceptions.rb:31:in `call'
railties (5.1.6) lib/rails/rack/logger.rb:36:in `call_app'
railties (5.1.6) lib/rails/rack/logger.rb:24:in `block in call'
activesupport (5.1.6) lib/active_support/tagged_logging.rb:69:in `block in tagged'
activesupport (5.1.6) lib/active_support/tagged_logging.rb:26:in `tagged'
activesupport (5.1.6) lib/active_support/tagged_logging.rb:69:in `tagged'
railties (5.1.6) lib/rails/rack/logger.rb:24:in `call'
actionpack (5.1.6) lib/action_dispatch/middleware/remote_ip.rb:79:in `call'
actionpack (5.1.6) lib/action_dispatch/middleware/request_id.rb:25:in `call'
rack (2.0.5) lib/rack/runtime.rb:22:in `call'
activesupport (5.1.6) lib/active_support/cache/strategy/local_cache_middleware.rb:27:in `call'
actionpack (5.1.6) lib/action_dispatch/middleware/executor.rb:12:in `call'
actionpack (5.1.6) lib/action_dispatch/middleware/static.rb:125:in `call'
rack (2.0.5) lib/rack/sendfile.rb:111:in `call'
railties (5.1.6) lib/rails/engine.rb:522:in `call'
puma (3.11.4) lib/puma/configuration.rb:225:in `call'
puma (3.11.4) lib/puma/server.rb:632:in `handle_request'
puma (3.11.4) lib/puma/server.rb:446:in `process_client'
puma (3.11.4) lib/puma/server.rb:306:in `block in run'
puma (3.11.4) lib/puma/thread_pool.rb:120:in `block in spawn_thread'
Started GET "/api/v1/events" for 127.0.0.1 at 2018-05-09 14:16:29 -0400
  
ActionController::RoutingError (No route matches [GET] "/api/v1/events"):
  
actionpack (5.1.6) lib/action_dispatch/middleware/debug_exceptions.rb:63:in `call'
actionpack (5.1.6) lib/action_dispatch/middleware/show_exceptions.rb:31:in `call'
railties (5.1.6) lib/rails/rack/logger.rb:36:in `call_app'
railties (5.1.6) lib/rails/rack/logger.rb:24:in `block in call'
activesupport (5.1.6) lib/active_support/tagged_logging.rb:69:in `block in tagged'
activesupport (5.1.6) lib/active_support/tagged_logging.rb:26:in `tagged'
activesupport (5.1.6) lib/active_support/tagged_logging.rb:69:in `tagged'
railties (5.1.6) lib/rails/rack/logger.rb:24:in `call'
actionpack (5.1.6) lib/action_dispatch/middleware/remote_ip.rb:79:in `call'
actionpack (5.1.6) lib/action_dispatch/middleware/request_id.rb:25:in `call'
rack (2.0.5) lib/rack/runtime.rb:22:in `call'
activesupport (5.1.6) lib/active_support/cache/strategy/local_cache_middleware.rb:27:in `call'
actionpack (5.1.6) lib/action_dispatch/middleware/executor.rb:12:in `call'
actionpack (5.1.6) lib/action_dispatch/middleware/static.rb:125:in `call'
rack (2.0.5) lib/rack/sendfile.rb:111:in `call'
railties (5.1.6) lib/rails/engine.rb:522:in `call'
puma (3.11.4) lib/puma/configuration.rb:225:in `call'
puma (3.11.4) lib/puma/server.rb:632:in `handle_request'
puma (3.11.4) lib/puma/server.rb:446:in `process_client'
puma (3.11.4) lib/puma/server.rb:306:in `block in run'
puma (3.11.4) lib/puma/thread_pool.rb:120:in `block in spawn_thread'
Started GET "/" for 127.0.0.1 at 2018-05-09 14:16:51 -0400
  
ActionController::RoutingError (No route matches [GET] "/"):
  
actionpack (5.1.6) lib/action_dispatch/middleware/debug_exceptions.rb:63:in `call'
actionpack (5.1.6) lib/action_dispatch/middleware/show_exceptions.rb:31:in `call'
railties (5.1.6) lib/rails/rack/logger.rb:36:in `call_app'
railties (5.1.6) lib/rails/rack/logger.rb:24:in `block in call'
activesupport (5.1.6) lib/active_support/tagged_logging.rb:69:in `block in tagged'
activesupport (5.1.6) lib/active_support/tagged_logging.rb:26:in `tagged'
activesupport (5.1.6) lib/active_support/tagged_logging.rb:69:in `tagged'
railties (5.1.6) lib/rails/rack/logger.rb:24:in `call'
actionpack (5.1.6) lib/action_dispatch/middleware/remote_ip.rb:79:in `call'
actionpack (5.1.6) lib/action_dispatch/middleware/request_id.rb:25:in `call'
rack (2.0.5) lib/rack/runtime.rb:22:in `call'
activesupport (5.1.6) lib/active_support/cache/strategy/local_cache_middleware.rb:27:in `call'
actionpack (5.1.6) lib/action_dispatch/middleware/executor.rb:12:in `call'
actionpack (5.1.6) lib/action_dispatch/middleware/static.rb:125:in `call'
rack (2.0.5) lib/rack/sendfile.rb:111:in `call'
railties (5.1.6) lib/rails/engine.rb:522:in `call'
puma (3.11.4) lib/puma/configuration.rb:225:in `call'
puma (3.11.4) lib/puma/server.rb:632:in `handle_request'
puma (3.11.4) lib/puma/server.rb:446:in `process_client'
puma (3.11.4) lib/puma/server.rb:306:in `block in run'
puma (3.11.4) lib/puma/thread_pool.rb:120:in `block in spawn_thread'
Started GET "/" for 127.0.0.1 at 2018-05-09 14:16:53 -0400
  
ActionController::RoutingError (No route matches [GET] "/"):
  
actionpack (5.1.6) lib/action_dispatch/middleware/debug_exceptions.rb:63:in `call'
actionpack (5.1.6) lib/action_dispatch/middleware/show_exceptions.rb:31:in `call'
railties (5.1.6) lib/rails/rack/logger.rb:36:in `call_app'
railties (5.1.6) lib/rails/rack/logger.rb:24:in `block in call'
activesupport (5.1.6) lib/active_support/tagged_logging.rb:69:in `block in tagged'
activesupport (5.1.6) lib/active_support/tagged_logging.rb:26:in `tagged'
activesupport (5.1.6) lib/active_support/tagged_logging.rb:69:in `tagged'
railties (5.1.6) lib/rails/rack/logger.rb:24:in `call'
actionpack (5.1.6) lib/action_dispatch/middleware/remote_ip.rb:79:in `call'
actionpack (5.1.6) lib/action_dispatch/middleware/request_id.rb:25:in `call'
rack (2.0.5) lib/rack/runtime.rb:22:in `call'
activesupport (5.1.6) lib/active_support/cache/strategy/local_cache_middleware.rb:27:in `call'
actionpack (5.1.6) lib/action_dispatch/middleware/executor.rb:12:in `call'
actionpack (5.1.6) lib/action_dispatch/middleware/static.rb:125:in `call'
rack (2.0.5) lib/rack/sendfile.rb:111:in `call'
railties (5.1.6) lib/rails/engine.rb:522:in `call'
puma (3.11.4) lib/puma/configuration.rb:225:in `call'
puma (3.11.4) lib/puma/server.rb:632:in `handle_request'
puma (3.11.4) lib/puma/server.rb:446:in `process_client'
puma (3.11.4) lib/puma/server.rb:306:in `block in run'
puma (3.11.4) lib/puma/thread_pool.rb:120:in `block in spawn_thread'
Started GET "/login" for 127.0.0.1 at 2018-05-09 14:17:01 -0400
  
ActionController::RoutingError (No route matches [GET] "/login"):
  
actionpack (5.1.6) lib/action_dispatch/middleware/debug_exceptions.rb:63:in `call'
actionpack (5.1.6) lib/action_dispatch/middleware/show_exceptions.rb:31:in `call'
railties (5.1.6) lib/rails/rack/logger.rb:36:in `call_app'
railties (5.1.6) lib/rails/rack/logger.rb:24:in `block in call'
activesupport (5.1.6) lib/active_support/tagged_logging.rb:69:in `block in tagged'
activesupport (5.1.6) lib/active_support/tagged_logging.rb:26:in `tagged'
activesupport (5.1.6) lib/active_support/tagged_logging.rb:69:in `tagged'
railties (5.1.6) lib/rails/rack/logger.rb:24:in `call'
actionpack (5.1.6) lib/action_dispatch/middleware/remote_ip.rb:79:in `call'
actionpack (5.1.6) lib/action_dispatch/middleware/request_id.rb:25:in `call'
rack (2.0.5) lib/rack/runtime.rb:22:in `call'
activesupport (5.1.6) lib/active_support/cache/strategy/local_cache_middleware.rb:27:in `call'
actionpack (5.1.6) lib/action_dispatch/middleware/executor.rb:12:in `call'
actionpack (5.1.6) lib/action_dispatch/middleware/static.rb:125:in `call'
rack (2.0.5) lib/rack/sendfile.rb:111:in `call'
railties (5.1.6) lib/rails/engine.rb:522:in `call'
puma (3.11.4) lib/puma/configuration.rb:225:in `call'
puma (3.11.4) lib/puma/server.rb:632:in `handle_request'
puma (3.11.4) lib/puma/server.rb:446:in `process_client'
puma (3.11.4) lib/puma/server.rb:306:in `block in run'
puma (3.11.4) lib/puma/thread_pool.rb:120:in `block in spawn_thread'
Started GET "/" for 127.0.0.1 at 2018-05-09 14:17:03 -0400
  
ActionController::RoutingError (No route matches [GET] "/"):
  
actionpack (5.1.6) lib/action_dispatch/middleware/debug_exceptions.rb:63:in `call'
actionpack (5.1.6) lib/action_dispatch/middleware/show_exceptions.rb:31:in `call'
railties (5.1.6) lib/rails/rack/logger.rb:36:in `call_app'
railties (5.1.6) lib/rails/rack/logger.rb:24:in `block in call'
activesupport (5.1.6) lib/active_support/tagged_logging.rb:69:in `block in tagged'
activesupport (5.1.6) lib/active_support/tagged_logging.rb:26:in `tagged'
activesupport (5.1.6) lib/active_support/tagged_logging.rb:69:in `tagged'
railties (5.1.6) lib/rails/rack/logger.rb:24:in `call'
actionpack (5.1.6) lib/action_dispatch/middleware/remote_ip.rb:79:in `call'
actionpack (5.1.6) lib/action_dispatch/middleware/request_id.rb:25:in `call'
rack (2.0.5) lib/rack/runtime.rb:22:in `call'
activesupport (5.1.6) lib/active_support/cache/strategy/local_cache_middleware.rb:27:in `call'
actionpack (5.1.6) lib/action_dispatch/middleware/executor.rb:12:in `call'
actionpack (5.1.6) lib/action_dispatch/middleware/static.rb:125:in `call'
rack (2.0.5) lib/rack/sendfile.rb:111:in `call'
railties (5.1.6) lib/rails/engine.rb:522:in `call'
puma (3.11.4) lib/puma/configuration.rb:225:in `call'
puma (3.11.4) lib/puma/server.rb:632:in `handle_request'
puma (3.11.4) lib/puma/server.rb:446:in `process_client'
puma (3.11.4) lib/puma/server.rb:306:in `block in run'
puma (3.11.4) lib/puma/thread_pool.rb:120:in `block in spawn_thread'
Started GET "/" for 127.0.0.1 at 2018-05-09 14:17:33 -0400
  [1m[35m (1.3ms)[0m  [1m[34mSELECT "schema_migrations"."version" FROM "schema_migrations" ORDER BY "schema_migrations"."version" ASC[0m
Processing by Rails::WelcomeController#index as HTML
  Rendering /Users/Justin/.rvm/gems/ruby-2.3.3/gems/railties-5.1.6/lib/rails/templates/rails/welcome/index.html.erb
  Rendered /Users/Justin/.rvm/gems/ruby-2.3.3/gems/railties-5.1.6/lib/rails/templates/rails/welcome/index.html.erb (22.9ms)
Completed 200 OK in 74ms (Views: 68.8ms | ActiveRecord: 0.0ms)


Started GET "/api/v1/users" for 127.0.0.1 at 2018-05-09 14:17:40 -0400
Processing by Api::V1::UsersController#index as HTML
  [1m[36mUser Load (1.3ms)[0m  [1m[34mSELECT "users".* FROM "users"[0m
Completed 200 OK in 138ms (Views: 72.9ms | ActiveRecord: 35.0ms)


Started GET "/api/v1/users" for 127.0.0.1 at 2018-05-09 14:23:38 -0400
  [1m[35m (1.4ms)[0m  [1m[34mSELECT "schema_migrations"."version" FROM "schema_migrations" ORDER BY "schema_migrations"."version" ASC[0m
Processing by Api::V1::UsersController#index as HTML
  [1m[36mUser Load (1.0ms)[0m  [1m[34mSELECT "users".* FROM "users"[0m
Completed 200 OK in 55ms (Views: 22.0ms | ActiveRecord: 10.2ms)


Started GET "/api/v1/bars" for 127.0.0.1 at 2018-05-09 14:23:42 -0400
Processing by Api::V1::BarsController#index as HTML
  [1m[36mBar Load (1.0ms)[0m  [1m[34mSELECT "bars".* FROM "bars"[0m
Completed 200 OK in 135ms (Views: 24.5ms | ActiveRecord: 26.8ms)


Started GET "/api/v1/events" for 127.0.0.1 at 2018-05-09 14:26:23 -0400
Processing by Api::V1::EventsController#index as HTML
  [1m[36mEvent Load (41.9ms)[0m  [1m[34mSELECT "events".* FROM "events"[0m
Completed 200 OK in 71ms (Views: 11.9ms | ActiveRecord: 47.8ms)


Started GET "/login" for 127.0.0.1 at 2018-05-09 14:53:45 -0400
  [1m[35m (1.3ms)[0m  [1m[34mSELECT "schema_migrations"."version" FROM "schema_migrations" ORDER BY "schema_migrations"."version" ASC[0m
  
ActionController::RoutingError (No route matches [GET] "/login"):
  
actionpack (5.1.6) lib/action_dispatch/middleware/debug_exceptions.rb:63:in `call'
actionpack (5.1.6) lib/action_dispatch/middleware/show_exceptions.rb:31:in `call'
railties (5.1.6) lib/rails/rack/logger.rb:36:in `call_app'
railties (5.1.6) lib/rails/rack/logger.rb:24:in `block in call'
activesupport (5.1.6) lib/active_support/tagged_logging.rb:69:in `block in tagged'
activesupport (5.1.6) lib/active_support/tagged_logging.rb:26:in `tagged'
activesupport (5.1.6) lib/active_support/tagged_logging.rb:69:in `tagged'
railties (5.1.6) lib/rails/rack/logger.rb:24:in `call'
actionpack (5.1.6) lib/action_dispatch/middleware/remote_ip.rb:79:in `call'
actionpack (5.1.6) lib/action_dispatch/middleware/request_id.rb:25:in `call'
rack (2.0.5) lib/rack/runtime.rb:22:in `call'
activesupport (5.1.6) lib/active_support/cache/strategy/local_cache_middleware.rb:27:in `call'
actionpack (5.1.6) lib/action_dispatch/middleware/executor.rb:12:in `call'
actionpack (5.1.6) lib/action_dispatch/middleware/static.rb:125:in `call'
rack (2.0.5) lib/rack/sendfile.rb:111:in `call'
railties (5.1.6) lib/rails/engine.rb:522:in `call'
puma (3.11.4) lib/puma/configuration.rb:225:in `call'
puma (3.11.4) lib/puma/server.rb:632:in `handle_request'
puma (3.11.4) lib/puma/server.rb:446:in `process_client'
puma (3.11.4) lib/puma/server.rb:306:in `block in run'
puma (3.11.4) lib/puma/thread_pool.rb:120:in `block in spawn_thread'
Started GET "/api/v1/users" for 127.0.0.1 at 2018-05-09 14:53:48 -0400
Processing by Api::V1::UsersController#index as HTML
  [1m[36mUser Load (1.4ms)[0m  [1m[34mSELECT "users".* FROM "users"[0m
Completed 200 OK in 94ms (Views: 39.3ms | ActiveRecord: 42.4ms)


Started GET "/api/v1/events" for 127.0.0.1 at 2018-05-09 14:53:54 -0400
Processing by Api::V1::EventsController#index as HTML
  [1m[36mEvent Load (0.8ms)[0m  [1m[34mSELECT "events".* FROM "events"[0m
Completed 200 OK in 32ms (Views: 14.4ms | ActiveRecord: 10.8ms)


Started GET "/api/v1/bars" for 127.0.0.1 at 2018-05-09 14:56:38 -0400
Processing by Api::V1::BarsController#index as */*
  [1m[36mBar Load (50.0ms)[0m  [1m[34mSELECT "bars".* FROM "bars"[0m
Completed 200 OK in 87ms (Views: 16.7ms | ActiveRecord: 65.4ms)


Started GET "/api/v1/bars" for 127.0.0.1 at 2018-05-09 14:59:04 -0400
Processing by Api::V1::BarsController#index as */*
  [1m[36mBar Load (0.6ms)[0m  [1m[34mSELECT "bars".* FROM "bars"[0m
Completed 200 OK in 8ms (Views: 6.7ms | ActiveRecord: 0.6ms)


Started GET "/api/v1/bars" for 127.0.0.1 at 2018-05-09 14:59:06 -0400
Processing by Api::V1::BarsController#index as */*
  [1m[36mBar Load (22.6ms)[0m  [1m[34mSELECT "bars".* FROM "bars"[0m
Completed 200 OK in 25ms (Views: 2.2ms | ActiveRecord: 22.6ms)


Started GET "/api/v1/bars" for 127.0.0.1 at 2018-05-09 14:59:20 -0400
Processing by Api::V1::BarsController#index as */*
  [1m[36mBar Load (6.1ms)[0m  [1m[34mSELECT "bars".* FROM "bars"[0m
Completed 200 OK in 12ms (Views: 5.7ms | ActiveRecord: 6.1ms)


Started GET "/api/v1/bars" for 127.0.0.1 at 2018-05-09 15:01:32 -0400
Processing by Api::V1::BarsController#index as */*
  [1m[36mBar Load (1.5ms)[0m  [1m[34mSELECT "bars".* FROM "bars"[0m
Completed 200 OK in 9ms (Views: 7.6ms | ActiveRecord: 1.5ms)


Started GET "/api/v1/events" for 127.0.0.1 at 2018-05-09 15:07:42 -0400
Processing by Api::V1::EventsController#index as HTML
  [1m[36mEvent Load (0.4ms)[0m  [1m[34mSELECT "events".* FROM "events"[0m
Completed 200 OK in 3ms (Views: 2.1ms | ActiveRecord: 0.4ms)


Started GET "/api/v1/events" for 127.0.0.1 at 2018-05-09 15:07:45 -0400
Processing by Api::V1::EventsController#index as */*
  [1m[36mEvent Load (2.2ms)[0m  [1m[34mSELECT "events".* FROM "events"[0m
Completed 200 OK in 9ms (Views: 6.9ms | ActiveRecord: 2.2ms)


Started GET "/api/v1/bars" for 127.0.0.1 at 2018-05-09 15:10:10 -0400
Processing by Api::V1::BarsController#index as HTML
  [1m[36mBar Load (0.4ms)[0m  [1m[34mSELECT "bars".* FROM "bars"[0m
Completed 200 OK in 3ms (Views: 2.3ms | ActiveRecord: 0.4ms)


Started GET "/api/v1/bars" for 127.0.0.1 at 2018-05-09 15:10:37 -0400
Processing by Api::V1::BarsController#index as */*
  [1m[36mBar Load (0.6ms)[0m  [1m[34mSELECT "bars".* FROM "bars"[0m
Completed 200 OK in 9ms (Views: 7.5ms | ActiveRecord: 0.6ms)


Started GET "/api/v1/bars" for 127.0.0.1 at 2018-05-09 15:13:54 -0400
Processing by Api::V1::BarsController#index as */*
  [1m[36mBar Load (14.9ms)[0m  [1m[34mSELECT "bars".* FROM "bars"[0m
Completed 200 OK in 48ms (Views: 32.5ms | ActiveRecord: 14.9ms)


Started GET "/api/v1/bars" for 127.0.0.1 at 2018-05-09 15:19:11 -0400
Processing by Api::V1::BarsController#index as */*
  [1m[36mBar Load (5.3ms)[0m  [1m[34mSELECT "bars".* FROM "bars"[0m
Completed 200 OK in 80ms (Views: 74.0ms | ActiveRecord: 5.2ms)


Started GET "/api/v1/bars" for 127.0.0.1 at 2018-05-09 15:21:24 -0400
Processing by Api::V1::BarsController#index as */*
  [1m[36mBar Load (0.4ms)[0m  [1m[34mSELECT "bars".* FROM "bars"[0m
Completed 200 OK in 3ms (Views: 2.7ms | ActiveRecord: 0.4ms)


Started GET "/api/v1/bars" for 127.0.0.1 at 2018-05-09 15:21:26 -0400
Processing by Api::V1::BarsController#index as */*
  [1m[36mBar Load (3.1ms)[0m  [1m[34mSELECT "bars".* FROM "bars"[0m
Completed 200 OK in 51ms (Views: 47.1ms | ActiveRecord: 3.1ms)


Started GET "/api/v1/bars" for 127.0.0.1 at 2018-05-09 15:22:24 -0400
Processing by Api::V1::BarsController#index as */*
  [1m[36mBar Load (1.0ms)[0m  [1m[34mSELECT "bars".* FROM "bars"[0m
Completed 200 OK in 13ms (Views: 11.3ms | ActiveRecord: 1.0ms)


Started GET "/api/v1/bars" for 127.0.0.1 at 2018-05-09 15:22:26 -0400
Processing by Api::V1::BarsController#index as */*
  [1m[36mBar Load (0.8ms)[0m  [1m[34mSELECT "bars".* FROM "bars"[0m
Completed 200 OK in 5ms (Views: 3.9ms | ActiveRecord: 0.8ms)


Started GET "/api/v1/bars" for 127.0.0.1 at 2018-05-09 15:24:35 -0400
Processing by Api::V1::BarsController#index as */*
  [1m[36mBar Load (0.6ms)[0m  [1m[34mSELECT "bars".* FROM "bars"[0m
Completed 200 OK in 55ms (Views: 54.3ms | ActiveRecord: 0.6ms)


Started GET "/api/v1/bars" for 127.0.0.1 at 2018-05-09 15:24:37 -0400
Processing by Api::V1::BarsController#index as */*
  [1m[36mBar Load (0.6ms)[0m  [1m[34mSELECT "bars".* FROM "bars"[0m
Completed 200 OK in 61ms (Views: 60.2ms | ActiveRecord: 0.6ms)


Started GET "/api/v1/bars" for 127.0.0.1 at 2018-05-09 15:27:38 -0400
Processing by Api::V1::BarsController#index as */*
  [1m[36mBar Load (0.9ms)[0m  [1m[34mSELECT "bars".* FROM "bars"[0m
Completed 200 OK in 61ms (Views: 59.8ms | ActiveRecord: 0.9ms)


Started GET "/api/v1/bars" for 127.0.0.1 at 2018-05-09 15:27:40 -0400
Processing by Api::V1::BarsController#index as */*
  [1m[36mBar Load (0.9ms)[0m  [1m[34mSELECT "bars".* FROM "bars"[0m
Completed 200 OK in 5ms (Views: 4.0ms | ActiveRecord: 0.9ms)


Started GET "/api/v1/bars" for 127.0.0.1 at 2018-05-09 15:32:17 -0400
Processing by Api::V1::BarsController#index as */*
  [1m[36mBar Load (0.4ms)[0m  [1m[34mSELECT "bars".* FROM "bars"[0m
Completed 200 OK in 2ms (Views: 1.7ms | ActiveRecord: 0.4ms)


Started GET "/api/v1/bars" for 127.0.0.1 at 2018-05-09 15:32:19 -0400
Processing by Api::V1::BarsController#index as */*
  [1m[36mBar Load (0.9ms)[0m  [1m[34mSELECT "bars".* FROM "bars"[0m
Completed 200 OK in 7ms (Views: 5.9ms | ActiveRecord: 0.9ms)


Started GET "/api/v1/bars" for 127.0.0.1 at 2018-05-09 15:33:00 -0400
Processing by Api::V1::BarsController#index as */*
  [1m[36mBar Load (0.5ms)[0m  [1m[34mSELECT "bars".* FROM "bars"[0m
Completed 200 OK in 8ms (Views: 7.7ms | ActiveRecord: 0.5ms)


Started GET "/api/v1/bars" for 127.0.0.1 at 2018-05-09 15:36:01 -0400
Processing by Api::V1::BarsController#index as */*
  [1m[36mBar Load (0.6ms)[0m  [1m[34mSELECT "bars".* FROM "bars"[0m
Completed 200 OK in 55ms (Views: 53.8ms | ActiveRecord: 0.6ms)


Started GET "/api/v1/bars" for 127.0.0.1 at 2018-05-09 15:36:53 -0400
Processing by Api::V1::BarsController#index as */*
  [1m[36mBar Load (1.4ms)[0m  [1m[34mSELECT "bars".* FROM "bars"[0m
Completed 200 OK in 5ms (Views: 3.7ms | ActiveRecord: 1.4ms)


Started GET "/api/v1/bars" for 127.0.0.1 at 2018-05-09 15:37:27 -0400
Processing by Api::V1::BarsController#index as */*
  [1m[36mBar Load (2.0ms)[0m  [1m[34mSELECT "bars".* FROM "bars"[0m
Completed 200 OK in 19ms (Views: 17.0ms | ActiveRecord: 2.0ms)


Started GET "/api/v1/bars" for 127.0.0.1 at 2018-05-09 15:39:49 -0400
Processing by Api::V1::BarsController#index as */*
  [1m[36mBar Load (0.4ms)[0m  [1m[34mSELECT "bars".* FROM "bars"[0m
Completed 200 OK in 3ms (Views: 2.5ms | ActiveRecord: 0.4ms)


Started GET "/api/v1/bars" for 127.0.0.1 at 2018-05-09 15:40:32 -0400
Processing by Api::V1::BarsController#index as */*
  [1m[36mBar Load (0.6ms)[0m  [1m[34mSELECT "bars".* FROM "bars"[0m
Completed 200 OK in 3ms (Views: 2.5ms | ActiveRecord: 0.6ms)


Started GET "/api/v1/bars" for 127.0.0.1 at 2018-05-09 15:40:59 -0400
Processing by Api::V1::BarsController#index as */*
  [1m[36mBar Load (0.8ms)[0m  [1m[34mSELECT "bars".* FROM "bars"[0m
Completed 200 OK in 76ms (Views: 74.7ms | ActiveRecord: 0.8ms)


Started GET "/api/v1/bars" for 127.0.0.1 at 2018-05-09 15:41:02 -0400
Processing by Api::V1::BarsController#index as */*
  [1m[36mBar Load (0.7ms)[0m  [1m[34mSELECT "bars".* FROM "bars"[0m
Completed 200 OK in 4ms (Views: 3.2ms | ActiveRecord: 0.7ms)


Started GET "/api/v1/bars" for 127.0.0.1 at 2018-05-09 15:41:52 -0400
Processing by Api::V1::BarsController#index as */*
  [1m[36mBar Load (1.4ms)[0m  [1m[34mSELECT "bars".* FROM "bars"[0m
Completed 200 OK in 6ms (Views: 4.0ms | ActiveRecord: 1.4ms)


Started GET "/api/v1/bars" for 127.0.0.1 at 2018-05-09 15:41:54 -0400
Processing by Api::V1::BarsController#index as */*
  [1m[36mBar Load (1.8ms)[0m  [1m[34mSELECT "bars".* FROM "bars"[0m
Completed 200 OK in 33ms (Views: 30.5ms | ActiveRecord: 1.8ms)


Started GET "/api/v1/bars" for 127.0.0.1 at 2018-05-09 15:42:34 -0400
Processing by Api::V1::BarsController#index as */*
  [1m[36mBar Load (0.7ms)[0m  [1m[34mSELECT "bars".* FROM "bars"[0m
Completed 200 OK in 11ms (Views: 9.5ms | ActiveRecord: 0.7ms)


Started GET "/api/v1/bars" for 127.0.0.1 at 2018-05-09 15:45:13 -0400
Processing by Api::V1::BarsController#index as */*
  [1m[36mBar Load (2.0ms)[0m  [1m[34mSELECT "bars".* FROM "bars"[0m
Completed 200 OK in 5ms (Views: 2.5ms | ActiveRecord: 2.0ms)


Started GET "/api/v1/bars" for 127.0.0.1 at 2018-05-09 15:47:41 -0400
  [1m[35m (55.7ms)[0m  [1m[34mSELECT "schema_migrations"."version" FROM "schema_migrations" ORDER BY "schema_migrations"."version" ASC[0m
Processing by Api::V1::BarsController#index as */*
  [1m[36mBar Load (1.0ms)[0m  [1m[34mSELECT "bars".* FROM "bars"[0m
Completed 200 OK in 74ms (Views: 15.5ms | ActiveRecord: 11.0ms)


Started GET "/api/v1/bars" for 127.0.0.1 at 2018-05-09 15:48:54 -0400
  [1m[35m (1.2ms)[0m  [1m[34mSELECT "schema_migrations"."version" FROM "schema_migrations" ORDER BY "schema_migrations"."version" ASC[0m
Processing by Api::V1::BarsController#index as */*
  [1m[36mBar Load (1.0ms)[0m  [1m[34mSELECT "bars".* FROM "bars"[0m
Completed 200 OK in 55ms (Views: 15.4ms | ActiveRecord: 10.8ms)


Started GET "/api/v1/events" for 127.0.0.1 at 2018-05-09 16:22:44 -0400
Processing by Api::V1::EventsController#index as HTML
  [1m[36mEvent Load (0.9ms)[0m  [1m[34mSELECT "events".* FROM "events"[0m
Completed 200 OK in 138ms (Views: 33.4ms | ActiveRecord: 58.3ms)


Started GET "/api/v1/users" for 127.0.0.1 at 2018-05-09 16:22:59 -0400
Processing by Api::V1::UsersController#index as HTML
  [1m[36mUser Load (0.9ms)[0m  [1m[34mSELECT "users".* FROM "users"[0m
Completed 200 OK in 148ms (Views: 16.2ms | ActiveRecord: 8.9ms)


Started GET "/api/v1/bars" for 127.0.0.1 at 2018-05-09 16:32:13 -0400
Processing by Api::V1::BarsController#index as */*
  [1m[36mBar Load (5.6ms)[0m  [1m[34mSELECT "bars".* FROM "bars"[0m
Completed 200 OK in 50ms (Views: 42.4ms | ActiveRecord: 5.6ms)


Started GET "/api/v1/bars" for 127.0.0.1 at 2018-05-09 16:33:07 -0400
Processing by Api::V1::BarsController#index as */*
  [1m[36mBar Load (0.7ms)[0m  [1m[34mSELECT "bars".* FROM "bars"[0m
Completed 200 OK in 46ms (Views: 45.0ms | ActiveRecord: 0.7ms)


Started GET "/api/v1/bars" for 127.0.0.1 at 2018-05-09 16:34:20 -0400
Processing by Api::V1::BarsController#index as */*
  [1m[36mBar Load (1.4ms)[0m  [1m[34mSELECT "bars".* FROM "bars"[0m
Completed 200 OK in 5ms (Views: 3.0ms | ActiveRecord: 1.4ms)


Started GET "/api/v1/bars" for 127.0.0.1 at 2018-05-09 16:40:22 -0400
Processing by Api::V1::BarsController#index as */*
  [1m[36mBar Load (0.6ms)[0m  [1m[34mSELECT "bars".* FROM "bars"[0m
Completed 200 OK in 30ms (Views: 28.3ms | ActiveRecord: 0.6ms)


Started GET "/api/v1/users" for 127.0.0.1 at 2018-05-09 18:21:10 -0400
Processing by Api::V1::UsersController#index as HTML
  [1m[36mUser Load (2.2ms)[0m  [1m[34mSELECT "users".* FROM "users"[0m
Completed 200 OK in 26ms (Views: 15.8ms | ActiveRecord: 2.2ms)


Started GET "/api/v1/bars" for 127.0.0.1 at 2018-05-09 18:23:00 -0400
Processing by Api::V1::BarsController#index as */*
  [1m[36mBar Load (1.0ms)[0m  [1m[34mSELECT "bars".* FROM "bars"[0m
Completed 200 OK in 43ms (Views: 34.6ms | ActiveRecord: 1.0ms)


Started GET "/api/v1/users" for 127.0.0.1 at 2018-05-10 09:39:47 -0400
Processing by Api::V1::UsersController#index as HTML
  [1m[36mUser Load (1.0ms)[0m  [1m[34mSELECT "users".* FROM "users"[0m
Completed 200 OK in 8ms (Views: 6.0ms | ActiveRecord: 1.0ms)


Started GET "/api/v1/bars" for 127.0.0.1 at 2018-05-10 09:41:39 -0400
Processing by Api::V1::BarsController#index as */*
  [1m[36mBar Load (1.0ms)[0m  [1m[34mSELECT "bars".* FROM "bars"[0m
Completed 200 OK in 6ms (Views: 4.5ms | ActiveRecord: 1.0ms)


